<?xml version="1.0" encoding="UTF-8"?>
<testng-results skipped="0" failed="0" ignored="0" total="1" passed="1">
  <reporter-output>
  </reporter-output>
  <suite name="Default suite" duration-ms="30183" started-at="2019-01-18T11:02:50Z" finished-at="2019-01-18T11:03:20Z">
    <groups>
    </groups>
    <test name="Default test" duration-ms="30183" started-at="2019-01-18T11:02:50Z" finished-at="2019-01-18T11:03:20Z">
      <class name="amazon.deadlink.checker.deadlink.checker.fileupload">
        <test-method status="PASS" signature="uploadtest()[pri:0, instance:amazon.deadlink.checker.deadlink.checker.fileupload@4c70fda8]" name="uploadtest" duration-ms="30148" started-at="2019-01-18T11:02:50Z" finished-at="2019-01-18T11:03:20Z">
          <reporter-output>
          </reporter-output>
        </test-method> <!-- uploadtest -->
      </class> <!-- amazon.deadlink.checker.deadlink.checker.fileupload -->
    </test> <!-- Default test -->
  </suite> <!-- Default suite -->
</testng-results>
